# JRE version: Java(TM) SE Runtime Environment 18.9 (11.0.16+11) (build 11.0.16+11-LTS-199)
# Java VM: Java HotSpot(TM) 64-Bit Server VM 18.9 (11.0.16+11-LTS-199, mixed mode, tiered, compressed oops, g1 gc, windows-amd64)
Heap:
 garbage-first heap   total 152576K, used 24664K [0x0000000084200000, 0x0000000100000000)
  region size 1024K, 7 young (7168K), 7 survivors (7168K)
 Metaspace       used 54950K, capacity 56534K, committed 56784K, reserved 1097728K
  class space    used 7277K, capacity 7932K, committed 8012K, reserved 1048576K
GC Heap History (10 events):
Event: 2.578 GC heap after
{Heap after GC invocations=3 (full 0):
 garbage-first heap   total 126976K, used 9792K [0x0000000084200000, 0x0000000100000000)
  region size 1024K, 2 young (2048K), 2 survivors (2048K)
 Metaspace       used 20624K, capacity 21192K, committed 21296K, reserved 1069056K
  class space    used 2404K, capacity 2654K, committed 2688K, reserved 1048576K
}
Event: 3.849 GC heap before
{Heap before GC invocations=4 (full 0):
 garbage-first heap   total 126976K, used 82496K [0x0000000084200000, 0x0000000100000000)
  region size 1024K, 74 young (75776K), 2 survivors (2048K)
 Metaspace       used 26112K, capacity 26958K, committed 27132K, reserved 1073152K
  class space    used 3191K, capacity 3533K, committed 3660K, reserved 1048576K
}
Event: 3.862 GC heap after
{Heap after GC invocations=5 (full 0):
 garbage-first heap   total 126976K, used 12934K [0x0000000084200000, 0x0000000100000000)
  region size 1024K, 5 young (5120K), 5 survivors (5120K)
 Metaspace       used 26112K, capacity 26958K, committed 27132K, reserved 1073152K
  class space    used 3191K, capacity 3533K, committed 3660K, reserved 1048576K
}
Event: 5.444 GC heap before
{Heap before GC invocations=5 (full 0):
 garbage-first heap   total 126976K, used 83590K [0x0000000084200000, 0x0000000100000000)
  region size 1024K, 74 young (75776K), 5 survivors (5120K)
 Metaspace       used 29516K, capacity 30445K, committed 30716K, reserved 1075200K
  class space    used 3687K, capacity 4098K, committed 4172K, reserved 1048576K
}
Event: 5.462 GC heap after
{Heap after GC invocations=6 (full 0):
 garbage-first heap   total 126976K, used 15038K [0x0000000084200000, 0x0000000100000000)
  region size 1024K, 7 young (7168K), 7 survivors (7168K)
 Metaspace       used 29516K, capacity 30445K, committed 30716K, reserved 1075200K
  class space    used 3687K, capacity 4098K, committed 4172K, reserved 1048576K
}
Event: 7.025 GC heap before
{Heap before GC invocations=6 (full 0):
 garbage-first heap   total 126976K, used 73406K [0x0000000084200000, 0x0000000100000000)
  region size 1024K, 65 young (66560K), 7 survivors (7168K)
 Metaspace       used 34697K, capacity 35929K, committed 36048K, reserved 1081344K
  class space    used 4393K, capacity 4901K, committed 4940K, reserved 1048576K
}
Event: 7.060 GC heap after
{Heap after GC invocations=7 (full 0):
 garbage-first heap   total 126976K, used 17619K [0x0000000084200000, 0x0000000100000000)
  region size 1024K, 8 young (8192K), 8 survivors (8192K)
 Metaspace       used 34697K, capacity 35929K, committed 36048K, reserved 1081344K
  class space    used 4393K, capacity 4901K, committed 4940K, reserved 1048576K
}
Event: 9.335 GC heap before
{Heap before GC invocations=8 (full 0):
 garbage-first heap   total 126976K, used 85203K [0x0000000084200000, 0x0000000100000000)
  region size 1024K, 74 young (75776K), 8 survivors (8192K)
 Metaspace       used 46212K, capacity 47695K, committed 47824K, reserved 1091584K
  class space    used 6017K, capacity 6640K, committed 6732K, reserved 1048576K
}
Event: 9.347 GC heap after
{Heap after GC invocations=9 (full 0):
 garbage-first heap   total 126976K, used 22345K [0x0000000084200000, 0x0000000100000000)
  region size 1024K, 9 young (9216K), 9 survivors (9216K)
 Metaspace       used 46212K, capacity 47695K, committed 47824K, reserved 1091584K
  class space    used 6017K, capacity 6640K, committed 6732K, reserved 1048576K
}
Event: 11.242 GC heap before
{Heap before GC invocations=9 (full 0):
 garbage-first heap   total 126976K, used 88905K [0x0000000084200000, 0x0000000100000000)
  region size 1024K, 74 young (75776K), 9 survivors (9216K)
 Metaspace       used 54950K, capacity 56534K, committed 56784K, reserved 1097728K
  class space    used 7277K, capacity 7932K, committed 8012K, reserved 1048576K
}

